#
# There is insufficient memory for the Java Runtime Environment to continue.
# Native memory allocation (mmap) failed to map 65536 bytes for Failed to commit metaspace.
# Possible reasons:
#   The system is out of physical RAM or swap space
#   The process is running with CompressedOops enabled, and the Java Heap may be blocking the growth of the native heap
# Possible solutions:
#   Reduce memory load on the system
#   Increase physical memory or swap space
#   Check if swap backing store is full
#   Decrease Java heap size (-Xmx/-Xms)
#   Decrease number of Java threads
#   Decrease Java thread stack sizes (-Xss)
#   Set larger code cache with -XX:ReservedCodeCacheSize=
#   JVM is running with Unscaled Compressed Oops mode in which the Java heap is
#     placed in the first 4GB address space. The Java Heap base address is the
#     maximum limit for the native heap growth. Please use -XX:HeapBaseMinAddress
#     to set the Java Heap base and to place the Java Heap above 4GB virtual address.
# This output file may be truncated or incomplete.
#
#  Out of Memory Error (virtualSpaceNode.cpp:110), pid=10452, tid=8752
#
# JRE version: Java(TM) SE Runtime Environment (17.0.8+9) (build 17.0.8+9-LTS-211)
# Java VM: Java HotSpot(TM) 64-Bit Server VM (17.0.8+9-LTS-211, mixed mode, sharing, tiered, compressed oops, compressed class ptrs, g1 gc, windows-amd64)
# No core dump will be written. Minidumps are not enabled by default on client versions of Windows
#

---------------  S U M M A R Y ------------

Command Line: -Dapplication.home=C:\Program Files\Java\jdk-17 --add-modules=ALL-DEFAULT -Xms8m -Djdk.module.main=jdk.compiler jdk.compiler/com.sun.tools.javac.Main IFBLOCKS1.java

Host: Intel(R) Core(TM) i5-10210U CPU @ 1.60GHz, 8 cores, 7G,  Windows 11 , 64 bit Build 22621 (10.0.22621.3085)
Time: Wed Mar 13 00:13:06 2024 India Standard Time elapsed time: 0.959298 seconds (0d 0h 0m 0s)

---------------  T H R E A D  ---------------

Current thread (0x000001dc56779af0):  JavaThread "main" [_thread_in_vm, id=8752, stack(0x000000d89e200000,0x000000d89e300000)]

Stack: [0x000000d89e200000,0x000000d89e300000]
Native frames: (J=compiled Java code, j=interpreted, Vv=VM code, C=native code)
V  [jvm.dll+0x677d0a]
V  [jvm.dll+0x7d8c54]
V  [jvm.dll+0x7da3fe]
V  [jvm.dll+0x7daa63]
V  [jvm.dll+0x245c5f]
V  [jvm.dll+0x7d4d5b]
V  [jvm.dll+0x61dcf6]
V  [jvm.dll+0x1c0127]
V  [jvm.dll+0x620650]
V  [jvm.dll+0x61e6b6]
V  [jvm.dll+0x23a29f]
V  [jvm.dll+0x628445]
V  [jvm.dll+0x1e9bdd]
V  [jvm.dll+0x1ea1a5]
V  [jvm.dll+0x1eaaeb]
V  [jvm.dll+0x1e02f1]
V  [jvm.dll+0x53ddbc]
V  [jvm.dll+0x753768]
V  [jvm.dll+0x753854]
V  [jvm.dll+0x40ba4f]
V  [jvm.dll+0x411a69]
C  [java.dll+0x1971]

Java frames: (J=compiled Java code, j=interpreted, Vv=VM code)
J 475  java.lang.ClassLoader.defineClass2(Ljava/lang/ClassLoader;Ljava/lang/String;Ljava/nio/ByteBuffer;IILjava/security/ProtectionDomain;Ljava/lang/String;)Ljava/lang/Class; java.base@17.0.8 (0 bytes) @ 0x000001dc65b16963 [0x000001dc65b168a0+0x00000000000000c3]
J 464 c1 java.lang.ClassLoader.defineClass(Ljava/lang/String;Ljava/nio/ByteBuffer;Ljava/security/ProtectionDomain;)Ljava/lang/Class; java.base@17.0.8 (108 bytes) @ 0x000001dc5e0c55a4 [0x000001dc5e0c4e00+0x00000000000007a4]
J 429 c1 java.security.SecureClassLoader.defineClass(Ljava/lang/String;Ljava/nio/ByteBuffer;Ljava/security/CodeSource;)Ljava/lang/Class; java.base@17.0.8 (12 bytes) @ 0x000001dc5e0b25fc [0x000001dc5e0b2540+0x00000000000000bc]
J 398 c1 jdk.internal.loader.BuiltinClassLoader.defineClass(Ljava/lang/String;Ljdk/internal/loader/BuiltinClassLoader$LoadedModule;)Ljava/lang/Class; java.base@17.0.8 (162 bytes) @ 0x000001dc5e0a39b4 [0x000001dc5e0a23e0+0x00000000000015d4]
J 289 c1 jdk.internal.loader.BuiltinClassLoader.loadClassOrNull(Ljava/lang/String;Z)Ljava/lang/Class; java.base@17.0.8 (143 bytes) @ 0x000001dc5e071334 [0x000001dc5e070d40+0x00000000000005f4]
J 323 c1 jdk.internal.loader.ClassLoaders$AppClassLoader.loadClass(Ljava/lang/String;Z)Ljava/lang/Class; java.base@17.0.8 (40 bytes) @ 0x000001dc5e07f604 [0x000001dc5e07efe0+0x0000000000000624]
J 306 c1 java.lang.ClassLoader.loadClass(Ljava/lang/String;)Ljava/lang/Class; java.base@17.0.8 (7 bytes) @ 0x000001dc5e076fcc [0x000001dc5e076ec0+0x000000000000010c]
v  ~StubRoutines::call_stub
j  com.sun.tools.javac.parser.ParserFactory.<init>(Lcom/sun/tools/javac/util/Context;)V+78 jdk.compiler@17.0.8
j  com.sun.tools.javac.parser.ParserFactory.instance(Lcom/sun/tools/javac/util/Context;)Lcom/sun/tools/javac/parser/ParserFactory;+20 jdk.compiler@17.0.8
j  com.sun.tools.javac.main.JavaCompiler.<init>(Lcom/sun/tools/javac/util/Context;)V+199 jdk.compiler@17.0.8
j  com.sun.tools.javac.main.JavaCompiler.instance(Lcom/sun/tools/javac/util/Context;)Lcom/sun/tools/javac/main/JavaCompiler;+20 jdk.compiler@17.0.8
j  com.sun.tools.javac.processing.JavacProcessingEnvironment.<init>(Lcom/sun/tools/javac/util/Context;)V+125 jdk.compiler@17.0.8
j  com.sun.tools.javac.processing.JavacProcessingEnvironment.instance(Lcom/sun/tools/javac/util/Context;)Lcom/sun/tools/javac/processing/JavacProcessingEnvironment;+19 jdk.compiler@17.0.8
j  com.sun.tools.javac.api.BasicJavacTask.initPlugins(Ljava/util/Set;)V+148 jdk.compiler@17.0.8
j  com.sun.tools.javac.main.Main.compile([Ljava/lang/String;Lcom/sun/tools/javac/util/Context;)Lcom/sun/tools/javac/main/Main$Result;+475 jdk.compiler@17.0.8
j  com.sun.tools.javac.main.Main.compile([Ljava/lang/String;)Lcom/sun/tools/javac/main/Main$Result;+15 jdk.compiler@17.0.8
j  com.sun.tools.javac.Main.compile([Ljava/lang/String;)I+12 jdk.compiler@17.0.8
j  com.sun.tools.javac.Main.main([Ljava/lang/String;)V+1 jdk.compiler@17.0.8
v  ~StubRoutines::call_stub

---------------  P R O C E S S  ---------------

Threads class SMR info:
_java_thread_list=0x000001dc7496f960, length=12, elements={
0x000001dc56779af0, 0x000001dc56841c40, 0x000001dc56842ab0, 0x000001dc74726e40,
0x000001dc747279f0, 0x000001dc7472a9c0, 0x000001dc7472b370, 0x000001dc74738620,
0x000001dc747394d0, 0x000001dc7473bed0, 0x000001dc74951040, 0x000001dc74993af0
}

Java Threads: ( => current thread )
=>0x000001dc56779af0 JavaThread "main" [_thread_in_vm, id=8752, stack(0x000000d89e200000,0x000000d89e300000)]
  0x000001dc56841c40 JavaThread "Reference Handler" daemon [_thread_blocked, id=52788, stack(0x000000d89e900000,0x000000d89ea00000)]
  0x000001dc56842ab0 JavaThread "Finalizer" daemon [_thread_blocked, id=56300, stack(0x000000d89ea00000,0x000000d89eb00000)]
  0x000001dc74726e40 JavaThread "Signal Dispatcher" daemon [_thread_blocked, id=13696, stack(0x000000d89eb00000,0x000000d89ec00000)]
  0x000001dc747279f0 JavaThread "Attach Listener" daemon [_thread_blocked, id=16244, stack(0x000000d89ec00000,0x000000d89ed00000)]
  0x000001dc7472a9c0 JavaThread "Service Thread" daemon [_thread_blocked, id=49692, stack(0x000000d89ed00000,0x000000d89ee00000)]
  0x000001dc7472b370 JavaThread "Monitor Deflation Thread" daemon [_thread_blocked, id=56456, stack(0x000000d89ee00000,0x000000d89ef00000)]
  0x000001dc74738620 JavaThread "C2 CompilerThread0" daemon [_thread_blocked, id=57564, stack(0x000000d89ef00000,0x000000d89f000000)]
  0x000001dc747394d0 JavaThread "C1 CompilerThread0" daemon [_thread_blocked, id=36492, stack(0x000000d89f000000,0x000000d89f100000)]
  0x000001dc7473bed0 JavaThread "Sweeper thread" daemon [_thread_blocked, id=48912, stack(0x000000d89f100000,0x000000d89f200000)]
  0x000001dc74951040 JavaThread "Common-Cleaner" daemon [_thread_blocked, id=50888, stack(0x000000d89f200000,0x000000d89f300000)]
  0x000001dc74993af0 JavaThread "Notification Thread" daemon [_thread_blocked, id=47892, stack(0x000000d89f300000,0x000000d89f400000)]

Other Threads:
  0x000001dc5683d040 VMThread "VM Thread" [stack: 0x000000d89e800000,0x000000d89e900000] [id=58004]
  0x000001dc567f88c0 WatcherThread [stack: 0x000000d89f400000,0x000000d89f500000] [id=57512]
  0x000001dc567d54e0 GCTaskThread "GC Thread#0" [stack: 0x000000d89e300000,0x000000d89e400000] [id=51312]
  0x000001dc74b1d0f0 GCTaskThread "GC Thread#1" [stack: 0x000000d89f500000,0x000000d89f600000] [id=44064]
  0x000001dc74c21e30 GCTaskThread "GC Thread#2" [stack: 0x000000d89f600000,0x000000d89f700000] [id=57144]
  0x000001dc74c220e0 GCTaskThread "GC Thread#3" [stack: 0x000000d89f700000,0x000000d89f800000] [id=56264]
  0x000001dc74cb5150 GCTaskThread "GC Thread#4" [stack: 0x000000d89f800000,0x000000d89f900000] [id=54496]
  0x000001dc567e6400 ConcurrentGCThread "G1 Main Marker" [stack: 0x000000d89e400000,0x000000d89e500000] [id=57744]
  0x000001dc567e7e20 ConcurrentGCThread "G1 Conc#0" [stack: 0x000000d89e500000,0x000000d89e600000] [id=56796]
  0x000001dc568133b0 ConcurrentGCThread "G1 Refine#0" [stack: 0x000000d89e600000,0x000000d89e700000] [id=16628]
  0x000001dc56813dd0 ConcurrentGCThread "G1 Service" [stack: 0x000000d89e700000,0x000000d89e800000] [id=6404]

Threads with active compile tasks:

VM state: not at safepoint (normal execution)

VM Mutex/Monitor currently owned by a thread:  ([mutex/lock_event])
[0x000001dc56773770] Metaspace_lock - owner thread: 0x000001dc56779af0

Heap address: 0x0000000083e00000, size: 1986 MB, Compressed Oops mode: 32-bit

CDS archive(s) mapped at: [0x000001dc00000000-0x000001dc00bd0000-0x000001dc00bd0000), size 12386304, SharedBaseAddress: 0x000001dc00000000, ArchiveRelocationMode: 1.
Compressed class space mapped at: 0x000001dc01000000-0x000001dc41000000, reserved size: 1073741824
Narrow klass base: 0x000001dc00000000, Narrow klass shift: 0, Narrow klass range: 0x100000000

GC Precious Log:
 CPUs: 8 total, 8 available
 Memory: 7942M
 Large Page Support: Disabled
 NUMA Support: Disabled
 Compressed Oops: Enabled (32-bit)
 Heap Region Size: 1M
 Heap Min Capacity: 8M
 Heap Initial Capacity: 8M
 Heap Max Capacity: 1986M
 Pre-touch: Disabled
 Parallel Workers: 8
 Concurrent Workers: 2
 Concurrent Refinement Workers: 8
 Periodic GC: Disabled

Heap:
 garbage-first heap   total 8192K, used 1977K [0x0000000083e00000, 0x0000000100000000)
  region size 1024K, 2 young (2048K), 1 survivors (1024K)
 Metaspace       used 6450K, committed 6528K, reserved 1114112K
  class space    used 775K, committed 832K, reserved 1048576K

Heap Regions: E=young(eden), S=young(survivor), O=old, HS=humongous(starts), HC=humongous(continues), CS=collection set, F=free, OA=open archive, CA=closed archive, TAMS=top-at-mark-start (previous, next)
|   0|0x0000000083e00000, 0x0000000083f00000, 0x0000000083f00000|100%| O|  |TAMS 0x0000000083e00000, 0x0000000083e00000| Untracked 
|   1|0x0000000083f00000, 0x0000000083f74c00, 0x0000000084000000| 45%| O|  |TAMS 0x0000000083f00000, 0x0000000083f00000| Untracked 
|   2|0x0000000084000000, 0x0000000084000000, 0x0000000084100000|  0%| F|  |TAMS 0x0000000084000000, 0x0000000084000000| Untracked 
|   3|0x0000000084100000, 0x0000000084100000, 0x0000000084200000|  0%| F|  |TAMS 0x0000000084100000, 0x0000000084100000| Untracked 
|   4|0x0000000084200000, 0x0000000084200000, 0x0000000084300000|  0%| F|  |TAMS 0x0000000084200000, 0x0000000084200000| Untracked 
|   5|0x0000000084300000, 0x0000000084300000, 0x0000000084400000|  0%| F|  |TAMS 0x0000000084300000, 0x0000000084300000| Untracked 
|   6|0x0000000084400000, 0x0000000084479948, 0x0000000084500000| 47%| S|CS|TAMS 0x0000000084400000, 0x0000000084400000| Complete 
|   7|0x0000000084500000, 0x00000000845c0da8, 0x0000000084600000| 75%| E|  |TAMS 0x0000000084500000, 0x0000000084500000| Complete 

Card table byte_map: [0x000001dc6d740000,0x000001dc6db30000] _byte_map_base: 0x000001dc6d321000

Marking Bits (Prev, Next): (CMBitMap*) 0x000001dc567d5af0, (CMBitMap*) 0x000001dc567d5b30
 Prev Bits: [0x000001dc6df20000, 0x000001dc6fe28000)
 Next Bits: [0x000001dc6fe30000, 0x000001dc71d38000)

Polling page: 0x000001dc55f50000

Metaspace:

Usage:
  Non-class:      5.54 MB used.
      Class:    775.15 KB used.
       Both:      6.30 MB used.

Virtual space:
  Non-class space:       64.00 MB reserved,       5.56 MB (  9%) committed,  1 nodes.
      Class space:        1.00 GB reserved,     832.00 KB ( <1%) committed,  1 nodes.
             Both:        1.06 GB reserved,       6.38 MB ( <1%) committed. 

Chunk freelists:
   Non-Class:  7.42 MB
       Class:  15.06 MB
        Both:  22.48 MB

MaxMetaspaceSize: unlimited
CompressedClassSpaceSize: 1.00 GB
Initial GC threshold: 21.00 MB
Current GC threshold: 21.00 MB
CDS: on
MetaspaceReclaimPolicy: balanced
 - commit_granule_bytes: 65536.
 - commit_granule_words: 8192.
 - virtual_space_node_default_size: 8388608.
 - enlarge_chunks_in_place: 1.
 - new_chunks_are_fully_committed: 0.
 - uncommit_free_chunks: 1.
 - use_allocation_guard: 0.
 - handle_deallocations: 1.


Internal statistics:

num_allocs_failed_limit: 0.
num_arena_births: 48.
num_arena_deaths: 0.
num_vsnodes_births: 2.
num_vsnodes_deaths: 0.
num_space_committed: 102.
num_space_uncommitted: 0.
num_chunks_returned_to_freelist: 0.
num_chunks_taken_from_freelist: 270.
num_chunk_merges: 0.
num_chunk_splits: 195.
num_chunks_enlarged: 152.
num_purges: 0.
num_inconsistent_stats: 0.

CodeHeap 'non-profiled nmethods': size=120000Kb used=176Kb max_used=176Kb free=119823Kb
 bounds [0x000001dc65af0000, 0x000001dc65d60000, 0x000001dc6d020000]
CodeHeap 'profiled nmethods': size=120000Kb used=801Kb max_used=801Kb free=119198Kb
 bounds [0x000001dc5e020000, 0x000001dc5e290000, 0x000001dc65550000]
CodeHeap 'non-nmethods': size=5760Kb used=1118Kb max_used=1132Kb free=4642Kb
 bounds [0x000001dc65550000, 0x000001dc657c0000, 0x000001dc65af0000]
 total_blobs=948 nmethods=551 adapters=310
 compilation: enabled
              stopped_count=0, restarted_count=0
 full_count=0

Compilation events (20 events):
Event: 0.891 Thread 0x000001dc747394d0  541       1       java.lang.invoke.LambdaForm$Name::type (5 bytes)
Event: 0.891 Thread 0x000001dc747394d0 nmethod 541 0x000001dc65b1b610 code [0x000001dc65b1b7a0, 0x000001dc65b1b878]
Event: 0.896 Thread 0x000001dc747394d0  542       3       java.util.Arrays::copyOf (40 bytes)
Event: 0.897 Thread 0x000001dc747394d0 nmethod 542 0x000001dc5e0e4690 code [0x000001dc5e0e4880, 0x000001dc5e0e4f68]
Event: 0.897 Thread 0x000001dc747394d0  543       3       java.util.HashMap$ValueIterator::next (8 bytes)
Event: 0.898 Thread 0x000001dc747394d0 nmethod 543 0x000001dc5e0e5190 code [0x000001dc5e0e5340, 0x000001dc5e0e5488]
Event: 0.898 Thread 0x000001dc747394d0  544       1       java.lang.Module::getDescriptor (5 bytes)
Event: 0.898 Thread 0x000001dc747394d0 nmethod 544 0x000001dc65b1b910 code [0x000001dc65b1baa0, 0x000001dc65b1bb78]
Event: 0.908 Thread 0x000001dc747394d0  545       3       jdk.internal.misc.VM::initLevel (4 bytes)
Event: 0.908 Thread 0x000001dc747394d0 nmethod 545 0x000001dc5e0e5590 code [0x000001dc5e0e5720, 0x000001dc5e0e5818]
Event: 0.908 Thread 0x000001dc74738620  546       4       java.lang.Object::<init> (1 bytes)
Event: 0.909 Thread 0x000001dc74738620 nmethod 546 0x000001dc65b1bc10 code [0x000001dc65b1bd80, 0x000001dc65b1be38]
Event: 0.914 Thread 0x000001dc747394d0  547       3       sun.invoke.util.VerifyAccess::isSamePackage (37 bytes)
Event: 0.916 Thread 0x000001dc747394d0 nmethod 547 0x000001dc5e0e5890 code [0x000001dc5e0e5ba0, 0x000001dc5e0e7018]
Event: 0.923 Thread 0x000001dc747394d0  549       3       sun.nio.fs.WindowsPathParser::isSlash (18 bytes)
Event: 0.923 Thread 0x000001dc747394d0 nmethod 549 0x000001dc5e0e7610 code [0x000001dc5e0e77a0, 0x000001dc5e0e7918]
Event: 0.953 Thread 0x000001dc747394d0  550       3       com.sun.tools.javac.util.Names::fromString (9 bytes)
Event: 0.953 Thread 0x000001dc747394d0 nmethod 550 0x000001dc5e0e7990 code [0x000001dc5e0e7b40, 0x000001dc5e0e7d08]
Event: 0.953 Thread 0x000001dc747394d0  551       3       com.sun.tools.javac.util.Name$Table::fromString (14 bytes)
Event: 0.954 Thread 0x000001dc747394d0 nmethod 551 0x000001dc5e0e7e10 code [0x000001dc5e0e7fe0, 0x000001dc5e0e8328]

GC Heap History (4 events):
Event: 0.581 GC heap before
{Heap before GC invocations=0 (full 0):
 garbage-first heap   total 8192K, used 3072K [0x0000000083e00000, 0x0000000100000000)
  region size 1024K, 3 young (3072K), 0 survivors (0K)
 Metaspace       used 2768K, committed 2880K, reserved 1114112K
  class space    used 355K, committed 384K, reserved 1048576K
}
Event: 0.588 GC heap after
{Heap after GC invocations=1 (full 0):
 garbage-first heap   total 8192K, used 1440K [0x0000000083e00000, 0x0000000100000000)
  region size 1024K, 1 young (1024K), 1 survivors (1024K)
 Metaspace       used 2768K, committed 2880K, reserved 1114112K
  class space    used 355K, committed 384K, reserved 1048576K
}
Event: 0.836 GC heap before
{Heap before GC invocations=1 (full 0):
 garbage-first heap   total 8192K, used 2464K [0x0000000083e00000, 0x0000000100000000)
  region size 1024K, 2 young (2048K), 1 survivors (1024K)
 Metaspace       used 5412K, committed 5568K, reserved 1114112K
  class space    used 641K, committed 768K, reserved 1048576K
}
Event: 0.841 GC heap after
{Heap after GC invocations=2 (full 0):
 garbage-first heap   total 8192K, used 1977K [0x0000000083e00000, 0x0000000100000000)
  region size 1024K, 1 young (1024K), 1 survivors (1024K)
 Metaspace       used 5412K, committed 5568K, reserved 1114112K
  class space    used 641K, committed 768K, reserved 1048576K
}

Deoptimization events (20 events):
Event: 0.314 Thread 0x000001dc56779af0 Uncommon trap: trap_request=0xffffffde fr.pc=0x000001dc65afc9b8 relative=0x0000000000000858
Event: 0.314 Thread 0x000001dc56779af0 Uncommon trap: reason=class_check action=maybe_recompile pc=0x000001dc65afc9b8 method=java.util.HashMap.putVal(ILjava/lang/Object;Ljava/lang/Object;ZZ)Ljava/lang/Object; @ 152 c2
Event: 0.314 Thread 0x000001dc56779af0 DEOPT PACKING pc=0x000001dc65afc9b8 sp=0x000000d89e2fd8c0
Event: 0.315 Thread 0x000001dc56779af0 DEOPT UNPACKING pc=0x000001dc655a23a3 sp=0x000000d89e2fd840 mode 2
Event: 0.315 Thread 0x000001dc56779af0 Uncommon trap: trap_request=0xffffffde fr.pc=0x000001dc65afc9b8 relative=0x0000000000000858
Event: 0.315 Thread 0x000001dc56779af0 Uncommon trap: reason=class_check action=maybe_recompile pc=0x000001dc65afc9b8 method=java.util.HashMap.putVal(ILjava/lang/Object;Ljava/lang/Object;ZZ)Ljava/lang/Object; @ 152 c2
Event: 0.315 Thread 0x000001dc56779af0 DEOPT PACKING pc=0x000001dc65afc9b8 sp=0x000000d89e2fd8c0
Event: 0.315 Thread 0x000001dc56779af0 DEOPT UNPACKING pc=0x000001dc655a23a3 sp=0x000000d89e2fd840 mode 2
Event: 0.315 Thread 0x000001dc56779af0 Uncommon trap: trap_request=0xffffffde fr.pc=0x000001dc65afc9b8 relative=0x0000000000000858
Event: 0.315 Thread 0x000001dc56779af0 Uncommon trap: reason=class_check action=maybe_recompile pc=0x000001dc65afc9b8 method=java.util.HashMap.putVal(ILjava/lang/Object;Ljava/lang/Object;ZZ)Ljava/lang/Object; @ 152 c2
Event: 0.315 Thread 0x000001dc56779af0 DEOPT PACKING pc=0x000001dc65afc9b8 sp=0x000000d89e2fd8c0
Event: 0.315 Thread 0x000001dc56779af0 DEOPT UNPACKING pc=0x000001dc655a23a3 sp=0x000000d89e2fd840 mode 2
Event: 0.472 Thread 0x000001dc56779af0 Uncommon trap: trap_request=0xffffff45 fr.pc=0x000001dc65b082e0 relative=0x0000000000000900
Event: 0.472 Thread 0x000001dc56779af0 Uncommon trap: reason=unstable_if action=reinterpret pc=0x000001dc65b082e0 method=java.util.HashMap.putVal(ILjava/lang/Object;Ljava/lang/Object;ZZ)Ljava/lang/Object; @ 181 c2
Event: 0.472 Thread 0x000001dc56779af0 DEOPT PACKING pc=0x000001dc65b082e0 sp=0x000000d89e2fea20
Event: 0.472 Thread 0x000001dc56779af0 DEOPT UNPACKING pc=0x000001dc655a23a3 sp=0x000000d89e2fe9c0 mode 2
Event: 0.529 Thread 0x000001dc56779af0 DEOPT PACKING pc=0x000001dc5e045f67 sp=0x000000d89e2f90a0
Event: 0.529 Thread 0x000001dc56779af0 DEOPT UNPACKING pc=0x000001dc655a2b43 sp=0x000000d89e2f84c0 mode 0
Event: 0.593 Thread 0x000001dc56779af0 DEOPT PACKING pc=0x000001dc5e0452d1 sp=0x000000d89e2f8cd0
Event: 0.593 Thread 0x000001dc56779af0 DEOPT UNPACKING pc=0x000001dc655a2b43 sp=0x000000d89e2f8148 mode 0

Classes unloaded (0 events):
No events

Classes redefined (0 events):
No events

Internal exceptions (12 events):
Event: 0.407 Thread 0x000001dc56779af0 Exception <a 'java/lang/NoSuchMethodError'{0x00000000844e2d80}: 'void java.lang.invoke.DirectMethodHandle$Holder.invokeSpecial(java.lang.Object, java.lang.Object, java.lang.Object)'> (0x00000000844e2d80) 
thrown [s\open\src\hotspot\share\interpreter\linkResolver.cpp, line 759]
Event: 0.476 Thread 0x000001dc56779af0 Exception <a 'java/lang/NoSuchMethodError'{0x000000008432a1f0}: 'int java.lang.invoke.DirectMethodHandle$Holder.invokeVirtual(java.lang.Object, java.lang.Object, java.lang.Object)'> (0x000000008432a1f0) 
thrown [s\open\src\hotspot\share\interpreter\linkResolver.cpp, line 759]
Event: 0.478 Thread 0x000001dc56779af0 Exception <a 'java/lang/NoSuchMethodError'{0x0000000084330ac0}: 'void java.lang.invoke.DirectMethodHandle$Holder.invokeInterface(java.lang.Object, java.lang.Object, java.lang.Object)'> (0x0000000084330ac0) 
thrown [s\open\src\hotspot\share\interpreter\linkResolver.cpp, line 759]
Event: 0.664 Thread 0x000001dc56779af0 Exception <a 'java/lang/NoSuchMethodError'{0x000000008454bc88}: 'int java.lang.invoke.DirectMethodHandle$Holder.invokeStaticInit(java.lang.Object, java.lang.Object)'> (0x000000008454bc88) 
thrown [s\open\src\hotspot\share\interpreter\linkResolver.cpp, line 759]
Event: 0.827 Thread 0x000001dc56779af0 Exception <a 'java/lang/NoSuchMethodError'{0x00000000845ecff8}: 'int java.lang.invoke.DirectMethodHandle$Holder.invokeVirtual(java.lang.Object, java.lang.Object)'> (0x00000000845ecff8) 
thrown [s\open\src\hotspot\share\interpreter\linkResolver.cpp, line 759]
Event: 0.845 Thread 0x000001dc56779af0 Exception <a 'java/lang/NoSuchMethodError'{0x0000000084515450}: 'java.lang.Object java.lang.invoke.DirectMethodHandle$Holder.newInvokeSpecial(java.lang.Object, java.lang.Object, java.lang.Object, java.lang.Object, java.lang.Object)'> (0x0000000084515450) 
thrown [s\open\src\hotspot\share\interpreter\linkResolver.cpp, line 759]
Event: 0.850 Thread 0x000001dc56779af0 Exception <a 'java/lang/NoSuchMethodError'{0x0000000084524048}: 'java.lang.Object java.lang.invoke.DirectMethodHandle$Holder.newInvokeSpecial(java.lang.Object, java.lang.Object, java.lang.Object, java.lang.Object, java.lang.Object, java.lang.Object)'> (0x0000000084524048) 
thrown [s\open\src\hotspot\share\interpreter\linkResolver.cpp, line 759]
Event: 0.886 Thread 0x000001dc56779af0 Exception <a 'java/lang/NoSuchMethodError'{0x000000008456e2f0}: 'java.lang.Object java.lang.invoke.DirectMethodHandle$Holder.invokeVirtual(java.lang.Object, java.lang.Object, java.lang.Object)'> (0x000000008456e2f0) 
thrown [s\open\src\hotspot\share\interpreter\linkResolver.cpp, line 759]
Event: 0.890 Thread 0x000001dc56779af0 Exception <a 'java/lang/NoSuchMethodError'{0x00000000845793f8}: 'int java.lang.invoke.DirectMethodHandle$Holder.invokeInterface(java.lang.Object, java.lang.Object)'> (0x00000000845793f8) 
thrown [s\open\src\hotspot\share\interpreter\linkResolver.cpp, line 759]
Event: 0.893 Thread 0x000001dc56779af0 Exception <a 'sun/nio/fs/WindowsException'{0x000000008457fba0}> (0x000000008457fba0) 
thrown [s\open\src\hotspot\share\prims\jni.cpp, line 516]
Event: 0.894 Thread 0x000001dc56779af0 Exception <a 'sun/nio/fs/WindowsException'{0x000000008457ff38}> (0x000000008457ff38) 
thrown [s\open\src\hotspot\share\prims\jni.cpp, line 516]
Event: 0.922 Thread 0x000001dc56779af0 Exception <a 'java/lang/NoSuchMethodError'{0x0000000084599d38}: 'java.lang.Object java.lang.invoke.DirectMethodHandle$Holder.invokeStaticInit(java.lang.Object)'> (0x0000000084599d38) 
thrown [s\open\src\hotspot\share\interpreter\linkResolver.cpp, line 759]

VM Operations (12 events):
Event: 0.204 Executing VM operation: HandshakeAllThreads
Event: 0.204 Executing VM operation: HandshakeAllThreads done
Event: 0.414 Executing VM operation: HandshakeAllThreads
Event: 0.414 Executing VM operation: HandshakeAllThreads done
Event: 0.504 Executing VM operation: HandshakeAllThreads
Event: 0.504 Executing VM operation: HandshakeAllThreads done
Event: 0.580 Executing VM operation: G1CollectForAllocation
Event: 0.588 Executing VM operation: G1CollectForAllocation done
Event: 0.836 Executing VM operation: G1CollectForAllocation
Event: 0.841 Executing VM operation: G1CollectForAllocation done
Event: 0.903 Executing VM operation: HandshakeAllThreads
Event: 0.903 Executing VM operation: HandshakeAllThreads done

Events (20 events):
Event: 0.919 loading class java/util/LinkedHashMap$LinkedKeySet
Event: 0.919 loading class java/util/LinkedHashMap$LinkedKeySet done
Event: 0.919 loading class java/util/LinkedHashMap$LinkedKeyIterator
Event: 0.919 loading class java/util/LinkedHashMap$LinkedKeyIterator done
Event: 0.920 loading class jdk/internal/jrtfs/JrtFileSystem
Event: 0.920 loading class jdk/internal/jrtfs/JrtFileSystem done
Event: 0.920 loading class jdk/internal/jrtfs/JrtPath
Event: 0.921 loading class jdk/internal/jrtfs/JrtPath done
Event: 0.921 loading class jdk/internal/jrtfs/SystemImage
Event: 0.921 loading class jdk/internal/jrtfs/SystemImage done
Event: 0.923 loading class java/security/AllPermissionCollection
Event: 0.923 loading class java/security/AllPermissionCollection done
Event: 0.923 loading class jdk/internal/jrtfs/SystemImage$2
Event: 0.923 loading class jdk/internal/jrtfs/SystemImage$2 done
Event: 0.924 loading class jdk/internal/jimage/ImageReader$Directory
Event: 0.924 loading class jdk/internal/jimage/ImageReader$Node
Event: 0.924 loading class jdk/internal/jimage/ImageReader$Node done
Event: 0.924 loading class jdk/internal/jimage/ImageReader$Directory done
Event: 0.925 loading class jdk/internal/jrtfs/SystemImage$1
Event: 0.925 loading class jdk/internal/jrtfs/SystemImage$1 done


Dynamic libraries:
0x00007ff624f80000 - 0x00007ff624f88000 	C:\Program Files\Java\jdk-17\bin\javac.exe
0x00007ffaa5af0000 - 0x00007ffaa5d07000 	C:\WINDOWS\SYSTEM32\ntdll.dll
0x00007ffaa5910000 - 0x00007ffaa59d4000 	C:\WINDOWS\System32\KERNEL32.DLL
0x00007ffaa3200000 - 0x00007ffaa35a6000 	C:\WINDOWS\System32\KERNELBASE.dll
0x00007ffaa2fd0000 - 0x00007ffaa30e1000 	C:\WINDOWS\System32\ucrtbase.dll
0x00007ffa6f4a0000 - 0x00007ffa6f4b9000 	C:\Program Files\Java\jdk-17\bin\jli.dll
0x00007ffa6f480000 - 0x00007ffa6f49b000 	C:\Program Files\Java\jdk-17\bin\VCRUNTIME140.dll
0x00007ffaa5850000 - 0x00007ffaa5903000 	C:\WINDOWS\System32\ADVAPI32.dll
0x00007ffaa4df0000 - 0x00007ffaa4e97000 	C:\WINDOWS\System32\msvcrt.dll
0x00007ffaa39a0000 - 0x00007ffaa3a48000 	C:\WINDOWS\System32\sechost.dll
0x00007ffaa35b0000 - 0x00007ffaa35d8000 	C:\WINDOWS\System32\bcrypt.dll
0x00007ffaa3d00000 - 0x00007ffaa3e17000 	C:\WINDOWS\System32\RPCRT4.dll
0x00007ffaa3fa0000 - 0x00007ffaa414e000 	C:\WINDOWS\System32\USER32.dll
0x00007ffa724f0000 - 0x00007ffa72783000 	C:\WINDOWS\WinSxS\amd64_microsoft.windows.common-controls_6595b64144ccf1df_6.0.22621.2506_none_270c5ae97388e100\COMCTL32.dll
0x00007ffaa2e30000 - 0x00007ffaa2e56000 	C:\WINDOWS\System32\win32u.dll
0x00007ffaa5a80000 - 0x00007ffaa5aa9000 	C:\WINDOWS\System32\GDI32.dll
0x00007ffaa3720000 - 0x00007ffaa3838000 	C:\WINDOWS\System32\gdi32full.dll
0x00007ffa94cf0000 - 0x00007ffa94cfa000 	C:\WINDOWS\SYSTEM32\VERSION.dll
0x00007ffaa3160000 - 0x00007ffaa31fa000 	C:\WINDOWS\System32\msvcp_win.dll
0x00007ffa769f0000 - 0x00007ffa769fc000 	C:\Program Files\Java\jdk-17\bin\vcruntime140_1.dll
0x00007ffa6f270000 - 0x00007ffa6f2fe000 	C:\Program Files\Java\jdk-17\bin\msvcp140.dll
0x00007ffa6e690000 - 0x00007ffa6f26e000 	C:\Program Files\Java\jdk-17\bin\server\jvm.dll
0x00007ffaa54a0000 - 0x00007ffaa54a8000 	C:\WINDOWS\System32\PSAPI.DLL
0x00007ffa9d220000 - 0x00007ffa9d254000 	C:\WINDOWS\SYSTEM32\WINMM.dll
0x00007ffa748a0000 - 0x00007ffa748a9000 	C:\WINDOWS\SYSTEM32\WSOCK32.dll
0x00007ffaa3f20000 - 0x00007ffaa3f91000 	C:\WINDOWS\System32\ws2_32.DLL
0x00007ffaa1e70000 - 0x00007ffaa1e88000 	C:\WINDOWS\SYSTEM32\kernel.appcore.dll
0x00007ffa72a00000 - 0x00007ffa72a0a000 	C:\Program Files\Java\jdk-17\bin\jimage.dll
0x00007ffa9d8d0000 - 0x00007ffa9db03000 	C:\WINDOWS\SYSTEM32\DBGHELP.DLL
0x00007ffaa49b0000 - 0x00007ffaa4d39000 	C:\WINDOWS\System32\combase.dll
0x00007ffaa54b0000 - 0x00007ffaa5587000 	C:\WINDOWS\System32\OLEAUT32.dll
0x00007ffa95140000 - 0x00007ffa95172000 	C:\WINDOWS\SYSTEM32\dbgcore.DLL
0x00007ffaa35e0000 - 0x00007ffaa365a000 	C:\WINDOWS\System32\bcryptPrimitives.dll
0x00007ffa6d7c0000 - 0x00007ffa6d7e5000 	C:\Program Files\Java\jdk-17\bin\java.dll
0x00007ffa6d0d0000 - 0x00007ffa6d1a7000 	C:\Program Files\Java\jdk-17\bin\jsvml.dll
0x00007ffaa4150000 - 0x00007ffaa49ab000 	C:\WINDOWS\System32\SHELL32.dll
0x00007ffaa0d90000 - 0x00007ffaa1686000 	C:\WINDOWS\SYSTEM32\windows.storage.dll
0x00007ffaa0c50000 - 0x00007ffaa0d8e000 	C:\WINDOWS\SYSTEM32\wintypes.dll
0x00007ffaa3e20000 - 0x00007ffaa3f13000 	C:\WINDOWS\System32\SHCORE.dll
0x00007ffaa4f70000 - 0x00007ffaa4fce000 	C:\WINDOWS\System32\shlwapi.dll
0x00007ffaa2d60000 - 0x00007ffaa2d86000 	C:\WINDOWS\SYSTEM32\profapi.dll
0x00007ffa6c760000 - 0x00007ffa6c779000 	C:\Program Files\Java\jdk-17\bin\net.dll
0x00007ffa9cb80000 - 0x00007ffa9ccb7000 	C:\WINDOWS\SYSTEM32\WINHTTP.dll
0x00007ffaa22f0000 - 0x00007ffaa2359000 	C:\WINDOWS\system32\mswsock.dll
0x00007ffa6c740000 - 0x00007ffa6c756000 	C:\Program Files\Java\jdk-17\bin\nio.dll

dbghelp: loaded successfully - version: 4.0.5 - missing functions: none
symbol engine: initialized successfully - sym options: 0x614 - pdb path: .;C:\Program Files\Java\jdk-17\bin;C:\WINDOWS\SYSTEM32;C:\WINDOWS\WinSxS\amd64_microsoft.windows.common-controls_6595b64144ccf1df_6.0.22621.2506_none_270c5ae97388e100;C:\Program Files\Java\jdk-17\bin\server

VM Arguments:
jvm_args: -Dapplication.home=C:\Program Files\Java\jdk-17 --add-modules=ALL-DEFAULT -Xms8m -Djdk.module.main=jdk.compiler 
java_command: jdk.compiler/com.sun.tools.javac.Main IFBLOCKS1.java
java_class_path (initial): <not set>
Launcher Type: SUN_STANDARD

[Global flags]
     intx CICompilerCount                          = 4                                         {product} {ergonomic}
     uint ConcGCThreads                            = 2                                         {product} {ergonomic}
     uint G1ConcRefinementThreads                  = 8                                         {product} {ergonomic}
   size_t G1HeapRegionSize                         = 1048576                                   {product} {ergonomic}
    uintx GCDrainStackTargetSize                   = 64                                        {product} {ergonomic}
   size_t InitialHeapSize                          = 8388608                                   {product} {command line}
   size_t MarkStackSize                            = 4194304                                   {product} {ergonomic}
   size_t MaxHeapSize                              = 2082471936                                {product} {ergonomic}
   size_t MaxNewSize                               = 1248854016                                {product} {ergonomic}
   size_t MinHeapDeltaBytes                        = 1048576                                   {product} {ergonomic}
   size_t MinHeapSize                              = 8388608                                   {product} {command line}
    uintx NonNMethodCodeHeapSize                   = 5839372                                {pd product} {ergonomic}
    uintx NonProfiledCodeHeapSize                  = 122909434                              {pd product} {ergonomic}
    uintx ProfiledCodeHeapSize                     = 122909434                              {pd product} {ergonomic}
    uintx ReservedCodeCacheSize                    = 251658240                              {pd product} {ergonomic}
     bool SegmentedCodeCache                       = true                                      {product} {ergonomic}
   size_t SoftMaxHeapSize                          = 2082471936                             {manageable} {ergonomic}
     bool UseCompressedClassPointers               = true                           {product lp64_product} {ergonomic}
     bool UseCompressedOops                        = true                           {product lp64_product} {ergonomic}
     bool UseG1GC                                  = true                                      {product} {ergonomic}
     bool UseLargePagesIndividualAllocation        = false                                  {pd product} {ergonomic}

Logging:
Log output configuration:
 #0: stdout all=warning uptime,level,tags
 #1: stderr all=off uptime,level,tags

Environment Variables:
PATH=C:\Program Files\Common Files\Oracle\Java\javapath;;C:\WINDOWS\system32;C:\WINDOWS;C:\WINDOWS\System32\Wbem;C:\WINDOWS\System32\WindowsPowerShell\v1.0\;C:\WINDOWS\System32\OpenSSH\;C:\Program Files (x86)\Microsoft SQL Server\110\Tools\Binn\;C:\Program Files\Microsoft SQL Server\110\Tools\Binn\;C:\Program Files\Microsoft SQL Server\110\DTS\Binn\;C:\Program Files\dotnet\;C:\Program Files\Microsoft SQL Server\Client SDK\ODBC\130\Tools\Binn\;C:\Program Files (x86)\Microsoft SQL Server\140\Tools\Binn\;C:\Program Files\Microsoft SQL Server\140\Tools\Binn\;C:\Program Files\Microsoft SQL Server\140\DTS\Binn\;C:\Program Files (x86)\Microsoft SQL Server\160\DTS\Binn\;C:\Program Files\Azure Data Studio\bin;C:\Program Files\Git\cmd;%COSMOSM%;C:\WINDOWS\system32\config\systemprofile\AppData\Local\Microsoft\WindowsApps
USERNAME=DESKTOP-EI4D21P$
OS=Windows_NT
PROCESSOR_IDENTIFIER=Intel64 Family 6 Model 142 Stepping 12, GenuineIntel



---------------  S Y S T E M  ---------------

OS:
 Windows 11 , 64 bit Build 22621 (10.0.22621.3085)
OS uptime: 0 days 15:56 hours

CPU: total 8 (initial active 8) (4 cores per cpu, 2 threads per core) family 6 model 142 stepping 12 microcode 0xde, cx8, cmov, fxsr, ht, mmx, 3dnowpref, sse, sse2, sse3, ssse3, sse4.1, sse4.2, popcnt, lzcnt, tsc, tscinvbit, avx, avx2, aes, erms, clmul, bmi1, bmi2, adx, fma, vzeroupper, clflush, clflushopt

Memory: 4k page, system-wide physical 7942M (15M free)
TotalPageFile size 32518M (AvailPageFile size 5M)
current process WorkingSet (physical memory assigned to process): 54M, peak: 54M
current process commit charge ("private bytes"): 94M, peak: 94M

vm_info: Java HotSpot(TM) 64-Bit Server VM (17.0.8+9-LTS-211) for windows-amd64 JRE (17.0.8+9-LTS-211), built on Jun 14 2023 10:34:31 by "mach5one" with MS VC++ 17.1 (VS2022)

END.
