#
# There is insufficient memory for the Java Runtime Environment to continue.
# Native memory allocation (mmap) failed to map 5242880 bytes for G1 virtual space
# Possible reasons:
#   The system is out of physical RAM or swap space
#   The process is running with CompressedOops enabled, and the Java Heap may be blocking the growth of the native heap
# Possible solutions:
#   Reduce memory load on the system
#   Increase physical memory or swap space
#   Check if swap backing store is full
#   Decrease Java heap size (-Xmx/-Xms)
#   Decrease number of Java threads
#   Decrease Java thread stack sizes (-Xss)
#   Set larger code cache with -XX:ReservedCodeCacheSize=
#   JVM is running with Unscaled Compressed Oops mode in which the Java heap is
#     placed in the first 4GB address space. The Java Heap base address is the
#     maximum limit for the native heap growth. Please use -XX:HeapBaseMinAddress
#     to set the Java Heap base and to place the Java Heap above 4GB virtual address.
# This output file may be truncated or incomplete.
#
#  Out of Memory Error (os_windows.cpp:3550), pid=2268, tid=4864
#
# JRE version: Java(TM) SE Runtime Environment (17.0.8+9) (build 17.0.8+9-LTS-211)
# Java VM: Java HotSpot(TM) 64-Bit Server VM (17.0.8+9-LTS-211, mixed mode, sharing, tiered, compressed oops, compressed class ptrs, g1 gc, windows-amd64)
# No core dump will be written. Minidumps are not enabled by default on client versions of Windows
#

---------------  S U M M A R Y ------------

Command Line: -Dapplication.home=C:\Program Files\Java\jdk-17 --add-modules=ALL-DEFAULT -Xms8m -Djdk.module.main=jdk.compiler jdk.compiler/com.sun.tools.javac.Main IFBLOCKS1.java

Host: Intel(R) Core(TM) i5-10210U CPU @ 1.60GHz, 8 cores, 7G,  Windows 11 , 64 bit Build 22621 (10.0.22621.2506)
Time: Fri Feb 23 17:03:22 2024 India Standard Time elapsed time: 2.745383 seconds (0d 0h 0m 2s)

---------------  T H R E A D  ---------------

Current thread (0x000002109b37bd70):  VMThread "VM Thread" [stack: 0x0000002749c00000,0x0000002749d00000] [id=4864]

Stack: [0x0000002749c00000,0x0000002749d00000]
Native frames: (J=compiled Java code, j=interpreted, Vv=VM code, C=native code)
V  [jvm.dll+0x677d0a]
V  [jvm.dll+0x7d8c54]
V  [jvm.dll+0x7da3fe]
V  [jvm.dll+0x7daa63]
V  [jvm.dll+0x245c5f]
V  [jvm.dll+0x674bb9]
V  [jvm.dll+0x6694f2]
V  [jvm.dll+0x3031d6]
V  [jvm.dll+0x30a756]
V  [jvm.dll+0x359f9e]
V  [jvm.dll+0x35a1cf]
V  [jvm.dll+0x2da3e8]
V  [jvm.dll+0x2d87f5]
V  [jvm.dll+0x2d7dfc]
V  [jvm.dll+0x31b4cb]
V  [jvm.dll+0x7df26b]
V  [jvm.dll+0x7dffa4]
V  [jvm.dll+0x7e04bd]
V  [jvm.dll+0x7e0894]
V  [jvm.dll+0x7e0960]
V  [jvm.dll+0x788bba]
V  [jvm.dll+0x676b35]
C  [ucrtbase.dll+0x29363]
C  [KERNEL32.DLL+0x1257d]
C  [ntdll.dll+0x5aa58]

VM_Operation (0x00000027496fcee0): G1CollectForAllocation, mode: safepoint, requested by thread 0x000002109b2ba430


---------------  P R O C E S S  ---------------

Threads class SMR info:
_java_thread_list=0x00000210b948b0d0, length=12, elements={
0x000002109b2ba430, 0x000002109b380100, 0x000002109b381e20, 0x000002109b38e980,
0x00000210b92688a0, 0x00000210b9269250, 0x00000210b926a3a0, 0x00000210b926bfc0,
0x00000210b929a750, 0x00000210b92b3130, 0x00000210b9475050, 0x00000210b94cd240
}

Java Threads: ( => current thread )
  0x000002109b2ba430 JavaThread "main" [_thread_blocked, id=38696, stack(0x0000002749600000,0x0000002749700000)]
  0x000002109b380100 JavaThread "Reference Handler" daemon [_thread_blocked, id=43672, stack(0x0000002749d00000,0x0000002749e00000)]
  0x000002109b381e20 JavaThread "Finalizer" daemon [_thread_blocked, id=45244, stack(0x0000002749e00000,0x0000002749f00000)]
  0x000002109b38e980 JavaThread "Signal Dispatcher" daemon [_thread_blocked, id=39652, stack(0x0000002749f00000,0x000000274a000000)]
  0x00000210b92688a0 JavaThread "Attach Listener" daemon [_thread_blocked, id=35008, stack(0x000000274a000000,0x000000274a100000)]
  0x00000210b9269250 JavaThread "Service Thread" daemon [_thread_blocked, id=10312, stack(0x000000274a100000,0x000000274a200000)]
  0x00000210b926a3a0 JavaThread "Monitor Deflation Thread" daemon [_thread_blocked, id=17180, stack(0x000000274a200000,0x000000274a300000)]
  0x00000210b926bfc0 JavaThread "C2 CompilerThread0" daemon [_thread_blocked, id=30404, stack(0x000000274a300000,0x000000274a400000)]
  0x00000210b929a750 JavaThread "C1 CompilerThread0" daemon [_thread_blocked, id=10472, stack(0x000000274a400000,0x000000274a500000)]
  0x00000210b92b3130 JavaThread "Sweeper thread" daemon [_thread_blocked, id=43124, stack(0x000000274a500000,0x000000274a600000)]
  0x00000210b9475050 JavaThread "Common-Cleaner" daemon [_thread_blocked, id=21064, stack(0x000000274a600000,0x000000274a700000)]
  0x00000210b94cd240 JavaThread "Notification Thread" daemon [_thread_blocked, id=10776, stack(0x000000274a700000,0x000000274a800000)]

Other Threads:
=>0x000002109b37bd70 VMThread "VM Thread" [stack: 0x0000002749c00000,0x0000002749d00000] [id=4864]
  0x00000210b94cd710 WatcherThread [stack: 0x000000274a800000,0x000000274a900000] [id=37256]
  0x000002109b313e00 GCTaskThread "GC Thread#0" [stack: 0x0000002749700000,0x0000002749800000] [id=5260]
  0x00000210b976fc70 GCTaskThread "GC Thread#1" [stack: 0x000000274a900000,0x000000274aa00000] [id=13136]
  0x00000210b97543e0 GCTaskThread "GC Thread#2" [stack: 0x000000274aa00000,0x000000274ab00000] [id=4672]
  0x00000210b97733c0 GCTaskThread "GC Thread#3" [stack: 0x000000274ab00000,0x000000274ac00000] [id=7740]
  0x00000210ff023fa0 GCTaskThread "GC Thread#4" [stack: 0x000000274ac00000,0x000000274ad00000] [id=41996]
  0x00000210ff0c4320 GCTaskThread "GC Thread#5" [stack: 0x000000274ad00000,0x000000274ae00000] [id=19688]
  0x000002109b326d40 ConcurrentGCThread "G1 Main Marker" [stack: 0x0000002749800000,0x0000002749900000] [id=5564]
  0x000002109b327750 ConcurrentGCThread "G1 Conc#0" [stack: 0x0000002749900000,0x0000002749a00000] [id=16288]
  0x000002109b3521b0 ConcurrentGCThread "G1 Refine#0" [stack: 0x0000002749a00000,0x0000002749b00000] [id=16520]
  0x000002109b352bd0 ConcurrentGCThread "G1 Service" [stack: 0x0000002749b00000,0x0000002749c00000] [id=41876]

Threads with active compile tasks:
C2 CompilerThread0     2810  812       4       jdk.internal.jimage.ImageStringsReader::stringFromByteBuffer (73 bytes)

VM state: at safepoint (normal execution)

VM Mutex/Monitor currently owned by a thread:  ([mutex/lock_event])
[0x000002109b2b6790] Threads_lock - owner thread: 0x000002109b37bd70
[0x000002109b2b6b80] Heap_lock - owner thread: 0x000002109b2ba430

Heap address: 0x0000000083e00000, size: 1986 MB, Compressed Oops mode: 32-bit

CDS archive(s) mapped at: [0x00000210ba000000-0x00000210babd0000-0x00000210babd0000), size 12386304, SharedBaseAddress: 0x00000210ba000000, ArchiveRelocationMode: 1.
Compressed class space mapped at: 0x00000210bb000000-0x00000210fb000000, reserved size: 1073741824
Narrow klass base: 0x00000210ba000000, Narrow klass shift: 0, Narrow klass range: 0x100000000

GC Precious Log:
 CPUs: 8 total, 8 available
 Memory: 7942M
 Large Page Support: Disabled
 NUMA Support: Disabled
 Compressed Oops: Enabled (32-bit)
 Heap Region Size: 1M
 Heap Min Capacity: 8M
 Heap Initial Capacity: 8M
 Heap Max Capacity: 1986M
 Pre-touch: Disabled
 Parallel Workers: 8
 Concurrent Workers: 2
 Concurrent Refinement Workers: 8
 Periodic GC: Disabled

Heap:
 garbage-first heap   total 8192K, used 3374K [0x0000000083e00000, 0x0000000100000000)
  region size 1024K, 1 young (1024K), 1 survivors (1024K)
 Metaspace       used 7837K, committed 8000K, reserved 1114112K
  class space    used 919K, committed 1024K, reserved 1048576K

Heap Regions: E=young(eden), S=young(survivor), O=old, HS=humongous(starts), HC=humongous(continues), CS=collection set, F=free, OA=open archive, CA=closed archive, TAMS=top-at-mark-start (previous, next)
|   0|0x0000000083e00000, 0x0000000083f00000, 0x0000000083f00000|100%| O|  |TAMS 0x0000000083e00000, 0x0000000083e00000| Untracked 
|   1|0x0000000083f00000, 0x0000000084000000, 0x0000000084000000|100%| O|  |TAMS 0x0000000083f00000, 0x0000000083f00000| Untracked 
|   2|0x0000000084000000, 0x00000000840da600, 0x0000000084100000| 85%| O|  |TAMS 0x0000000084000000, 0x0000000084000000| Untracked 
|   3|0x0000000084100000, 0x0000000084100000, 0x0000000084200000|  0%| F|  |TAMS 0x0000000084100000, 0x0000000084100000| Untracked 
|   4|0x0000000084200000, 0x0000000084200000, 0x0000000084300000|  0%| F|  |TAMS 0x0000000084200000, 0x0000000084200000| Untracked 
|   5|0x0000000084300000, 0x0000000084371340, 0x0000000084400000| 44%| S|CS|TAMS 0x0000000084300000, 0x0000000084300000| Complete 
|   6|0x0000000084400000, 0x0000000084400000, 0x0000000084500000|  0%| F|  |TAMS 0x0000000084400000, 0x0000000084400000| Untracked 
|   7|0x0000000084500000, 0x0000000084500000, 0x0000000084600000|  0%| F|  |TAMS 0x0000000084500000, 0x0000000084500000| Untracked 

Card table byte_map: [0x00000210b2280000,0x00000210b2670000] _byte_map_base: 0x00000210b1e61000

Marking Bits (Prev, Next): (CMBitMap*) 0x000002109b315420, (CMBitMap*) 0x000002109b315460
 Prev Bits: [0x00000210b2a60000, 0x00000210b4968000)
 Next Bits: [0x00000210b4970000, 0x00000210b6878000)

Polling page: 0x000002109aa90000

Metaspace:

Usage:
  Non-class:      6.76 MB used.
      Class:    919.14 KB used.
       Both:      7.65 MB used.

Virtual space:
  Non-class space:       64.00 MB reserved,       6.81 MB ( 11%) committed,  1 nodes.
      Class space:        1.00 GB reserved,       1.00 MB ( <1%) committed,  1 nodes.
             Both:        1.06 GB reserved,       7.81 MB ( <1%) committed. 

Chunk freelists:
   Non-Class:  6.64 MB
       Class:  14.95 MB
        Both:  21.59 MB

MaxMetaspaceSize: unlimited
CompressedClassSpaceSize: 1.00 GB
Initial GC threshold: 21.00 MB
Current GC threshold: 21.00 MB
CDS: on
MetaspaceReclaimPolicy: balanced
 - commit_granule_bytes: 65536.
 - commit_granule_words: 8192.
 - virtual_space_node_default_size: 8388608.
 - enlarge_chunks_in_place: 1.
 - new_chunks_are_fully_committed: 0.
 - uncommit_free_chunks: 1.
 - use_allocation_guard: 0.
 - handle_deallocations: 1.


Internal statistics:

num_allocs_failed_limit: 0.
num_arena_births: 62.
num_arena_deaths: 0.
num_vsnodes_births: 2.
num_vsnodes_deaths: 0.
num_space_committed: 125.
num_space_uncommitted: 0.
num_chunks_returned_to_freelist: 0.
num_chunks_taken_from_freelist: 329.
num_chunk_merges: 0.
num_chunk_splits: 233.
num_chunks_enlarged: 176.
num_purges: 0.
num_inconsistent_stats: 0.

CodeHeap 'non-profiled nmethods': size=120000Kb used=238Kb max_used=238Kb free=119761Kb
 bounds [0x00000210aa630000, 0x00000210aa8a0000, 0x00000210b1b60000]
CodeHeap 'profiled nmethods': size=120000Kb used=1371Kb max_used=1371Kb free=118628Kb
 bounds [0x00000210a2b60000, 0x00000210a2dd0000, 0x00000210aa090000]
CodeHeap 'non-nmethods': size=5760Kb used=1121Kb max_used=1146Kb free=4638Kb
 bounds [0x00000210aa090000, 0x00000210aa300000, 0x00000210aa630000]
 total_blobs=1239 nmethods=836 adapters=316
 compilation: enabled
              stopped_count=0, restarted_count=0
 full_count=0

Compilation events (20 events):
Event: 2.710 Thread 0x00000210b929a750  833       3       jdk.internal.jrtfs.JrtPath::resolve (125 bytes)
Event: 2.711 Thread 0x00000210b926bfc0 nmethod 778 0x00000210aa669110 code [0x00000210aa669340, 0x00000210aa66a940]
Event: 2.712 Thread 0x00000210b926bfc0  810       4       jdk.internal.jimage.ImageStringsReader::charsFromByteBufferLength (81 bytes)
Event: 2.712 Thread 0x00000210b929a750 nmethod 833 0x00000210a2cae290 code [0x00000210a2cae620, 0x00000210a2cafe68]
Event: 2.712 Thread 0x00000210b929a750  841   !   3       java.nio.file.Files::isDirectory (45 bytes)
Event: 2.713 Thread 0x00000210b929a750 nmethod 841 0x00000210a2cb0710 code [0x00000210a2cb0980, 0x00000210a2cb1478]
Event: 2.713 Thread 0x00000210b929a750  834       3       jdk.internal.jrtfs.JrtPath::checkPath (47 bytes)
Event: 2.714 Thread 0x00000210b929a750 nmethod 834 0x00000210a2cb1890 code [0x00000210a2cb1b20, 0x00000210a2cb26f8]
Event: 2.714 Thread 0x00000210b929a750  830       1       jdk.internal.jrtfs.JrtFileSystem::getSeparator (3 bytes)
Event: 2.715 Thread 0x00000210b929a750 nmethod 830 0x00000210aa66b110 code [0x00000210aa66b2a0, 0x00000210aa66b378]
Event: 2.715 Thread 0x00000210b929a750  842       3       com.sun.tools.javac.file.BaseFileManager::getKind (55 bytes)
Event: 2.716 Thread 0x00000210b929a750 nmethod 842 0x00000210a2cb2a90 code [0x00000210a2cb2d20, 0x00000210a2cb3768]
Event: 2.716 Thread 0x00000210b929a750  843       3       jdk.internal.jimage.ImageReader$Resource::<init> (16 bytes)
Event: 2.716 Thread 0x00000210b929a750 nmethod 843 0x00000210a2cb3c10 code [0x00000210a2cb3e20, 0x00000210a2cb4548]
Event: 2.716 Thread 0x00000210b929a750  844       3       jdk.internal.jimage.ImageLocation::buildName (128 bytes)
Event: 2.718 Thread 0x00000210b929a750 nmethod 844 0x00000210a2cb4790 code [0x00000210a2cb4ae0, 0x00000210a2cb5a58]
Event: 2.718 Thread 0x00000210b929a750  845       3       jdk.internal.jimage.ImageReader$Resource::create (17 bytes)
Event: 2.719 Thread 0x00000210b929a750 nmethod 845 0x00000210a2cb5f90 code [0x00000210a2cb61c0, 0x00000210a2cb6ad8]
Event: 2.719 Thread 0x00000210b926bfc0 nmethod 810 0x00000210aa66b410 code [0x00000210aa66b5a0, 0x00000210aa66b958]
Event: 2.719 Thread 0x00000210b926bfc0  812       4       jdk.internal.jimage.ImageStringsReader::stringFromByteBuffer (73 bytes)

GC Heap History (13 events):
Event: 1.624 GC heap before
{Heap before GC invocations=0 (full 0):
 garbage-first heap   total 8192K, used 3072K [0x0000000083e00000, 0x0000000100000000)
  region size 1024K, 3 young (3072K), 0 survivors (0K)
 Metaspace       used 2785K, committed 2944K, reserved 1114112K
  class space    used 355K, committed 384K, reserved 1048576K
}
Event: 1.632 GC heap after
{Heap after GC invocations=1 (full 0):
 garbage-first heap   total 8192K, used 1416K [0x0000000083e00000, 0x0000000100000000)
  region size 1024K, 1 young (1024K), 1 survivors (1024K)
 Metaspace       used 2785K, committed 2944K, reserved 1114112K
  class space    used 355K, committed 384K, reserved 1048576K
}
Event: 2.175 GC heap before
{Heap before GC invocations=1 (full 0):
 garbage-first heap   total 8192K, used 2440K [0x0000000083e00000, 0x0000000100000000)
  region size 1024K, 2 young (2048K), 1 survivors (1024K)
 Metaspace       used 5422K, committed 5632K, reserved 1114112K
  class space    used 642K, committed 768K, reserved 1048576K
}
Event: 2.180 GC heap after
{Heap after GC invocations=2 (full 0):
 garbage-first heap   total 8192K, used 1989K [0x0000000083e00000, 0x0000000100000000)
  region size 1024K, 1 young (1024K), 1 survivors (1024K)
 Metaspace       used 5422K, committed 5632K, reserved 1114112K
  class space    used 642K, committed 768K, reserved 1048576K
}
Event: 2.461 GC heap before
{Heap before GC invocations=2 (full 0):
 garbage-first heap   total 8192K, used 3013K [0x0000000083e00000, 0x0000000100000000)
  region size 1024K, 2 young (2048K), 1 survivors (1024K)
 Metaspace       used 7108K, committed 7296K, reserved 1114112K
  class space    used 833K, committed 896K, reserved 1048576K
}
Event: 2.465 GC heap after
{Heap after GC invocations=3 (full 0):
 garbage-first heap   total 8192K, used 2217K [0x0000000083e00000, 0x0000000100000000)
  region size 1024K, 1 young (1024K), 1 survivors (1024K)
 Metaspace       used 7108K, committed 7296K, reserved 1114112K
  class space    used 833K, committed 896K, reserved 1048576K
}
Event: 2.591 GC heap before
{Heap before GC invocations=3 (full 0):
 garbage-first heap   total 8192K, used 3241K [0x0000000083e00000, 0x0000000100000000)
  region size 1024K, 2 young (2048K), 1 survivors (1024K)
 Metaspace       used 7543K, committed 7680K, reserved 1114112K
  class space    used 883K, committed 960K, reserved 1048576K
}
Event: 2.595 GC heap after
{Heap after GC invocations=4 (full 0):
 garbage-first heap   total 8192K, used 2505K [0x0000000083e00000, 0x0000000100000000)
  region size 1024K, 1 young (1024K), 1 survivors (1024K)
 Metaspace       used 7543K, committed 7680K, reserved 1114112K
  class space    used 883K, committed 960K, reserved 1048576K
}
Event: 2.643 GC heap before
{Heap before GC invocations=4 (full 0):
 garbage-first heap   total 8192K, used 3529K [0x0000000083e00000, 0x0000000100000000)
  region size 1024K, 2 young (2048K), 1 survivors (1024K)
 Metaspace       used 7630K, committed 7808K, reserved 1114112K
  class space    used 890K, committed 960K, reserved 1048576K
}
Event: 2.647 GC heap after
{Heap after GC invocations=5 (full 0):
 garbage-first heap   total 8192K, used 2941K [0x0000000083e00000, 0x0000000100000000)
  region size 1024K, 1 young (1024K), 1 survivors (1024K)
 Metaspace       used 7630K, committed 7808K, reserved 1114112K
  class space    used 890K, committed 960K, reserved 1048576K
}
Event: 2.701 GC heap before
{Heap before GC invocations=5 (full 0):
 garbage-first heap   total 8192K, used 3965K [0x0000000083e00000, 0x0000000100000000)
  region size 1024K, 2 young (2048K), 1 survivors (1024K)
 Metaspace       used 7826K, committed 8000K, reserved 1114112K
  class space    used 919K, committed 1024K, reserved 1048576K
}
Event: 2.705 GC heap after
{Heap after GC invocations=6 (full 0):
 garbage-first heap   total 8192K, used 3143K [0x0000000083e00000, 0x0000000100000000)
  region size 1024K, 1 young (1024K), 1 survivors (1024K)
 Metaspace       used 7826K, committed 8000K, reserved 1114112K
  class space    used 919K, committed 1024K, reserved 1048576K
}
Event: 2.722 GC heap before
{Heap before GC invocations=6 (full 0):
 garbage-first heap   total 8192K, used 4167K [0x0000000083e00000, 0x0000000100000000)
  region size 1024K, 2 young (2048K), 1 survivors (1024K)
 Metaspace       used 7837K, committed 8000K, reserved 1114112K
  class space    used 919K, committed 1024K, reserved 1048576K
}

Deoptimization events (20 events):
Event: 0.810 Thread 0x000002109b2ba430 Uncommon trap: trap_request=0xffffffde fr.pc=0x00000210aa63c138 relative=0x0000000000000858
Event: 0.810 Thread 0x000002109b2ba430 Uncommon trap: reason=class_check action=maybe_recompile pc=0x00000210aa63c138 method=java.util.HashMap.putVal(ILjava/lang/Object;Ljava/lang/Object;ZZ)Ljava/lang/Object; @ 152 c2
Event: 0.810 Thread 0x000002109b2ba430 DEOPT PACKING pc=0x00000210aa63c138 sp=0x00000027496fdd80
Event: 0.810 Thread 0x000002109b2ba430 DEOPT UNPACKING pc=0x00000210aa0e23a3 sp=0x00000027496fdd00 mode 2
Event: 0.810 Thread 0x000002109b2ba430 Uncommon trap: trap_request=0xffffffde fr.pc=0x00000210aa63c138 relative=0x0000000000000858
Event: 0.810 Thread 0x000002109b2ba430 Uncommon trap: reason=class_check action=maybe_recompile pc=0x00000210aa63c138 method=java.util.HashMap.putVal(ILjava/lang/Object;Ljava/lang/Object;ZZ)Ljava/lang/Object; @ 152 c2
Event: 0.810 Thread 0x000002109b2ba430 DEOPT PACKING pc=0x00000210aa63c138 sp=0x00000027496fdd80
Event: 0.810 Thread 0x000002109b2ba430 DEOPT UNPACKING pc=0x00000210aa0e23a3 sp=0x00000027496fdd00 mode 2
Event: 1.368 Thread 0x000002109b2ba430 Uncommon trap: trap_request=0xffffff45 fr.pc=0x00000210aa641b00 relative=0x0000000000000920
Event: 1.368 Thread 0x000002109b2ba430 Uncommon trap: reason=unstable_if action=reinterpret pc=0x00000210aa641b00 method=java.util.HashMap.putVal(ILjava/lang/Object;Ljava/lang/Object;ZZ)Ljava/lang/Object; @ 181 c2
Event: 1.368 Thread 0x000002109b2ba430 DEOPT PACKING pc=0x00000210aa641b00 sp=0x00000027496feed0
Event: 1.369 Thread 0x000002109b2ba430 DEOPT UNPACKING pc=0x00000210aa0e23a3 sp=0x00000027496fee80 mode 2
Event: 1.547 Thread 0x000002109b2ba430 DEOPT PACKING pc=0x00000210a2b8af67 sp=0x00000027496f9560
Event: 1.547 Thread 0x000002109b2ba430 DEOPT UNPACKING pc=0x00000210aa0e2b43 sp=0x00000027496f8980 mode 0
Event: 1.640 Thread 0x000002109b2ba430 DEOPT PACKING pc=0x00000210a2b89251 sp=0x00000027496fad80
Event: 1.641 Thread 0x000002109b2ba430 DEOPT UNPACKING pc=0x00000210aa0e2b43 sp=0x00000027496fa1f8 mode 0
Event: 2.397 Thread 0x000002109b2ba430 Uncommon trap: trap_request=0xffffff45 fr.pc=0x00000210aa653fbc relative=0x00000000000004fc
Event: 2.397 Thread 0x000002109b2ba430 Uncommon trap: reason=unstable_if action=reinterpret pc=0x00000210aa653fbc method=java.lang.StringLatin1.replace([BCC)Ljava/lang/String; @ 19 c2
Event: 2.397 Thread 0x000002109b2ba430 DEOPT PACKING pc=0x00000210aa653fbc sp=0x00000027496ff0c0
Event: 2.397 Thread 0x000002109b2ba430 DEOPT UNPACKING pc=0x00000210aa0e23a3 sp=0x00000027496ff040 mode 2

Classes unloaded (0 events):
No events

Classes redefined (0 events):
No events

Internal exceptions (18 events):
Event: 1.184 Thread 0x000002109b2ba430 Exception <a 'java/lang/NoSuchMethodError'{0x00000000844e2dd8}: 'void java.lang.invoke.DirectMethodHandle$Holder.invokeSpecial(java.lang.Object, java.lang.Object, java.lang.Object)'> (0x00000000844e2dd8) 
thrown [s\open\src\hotspot\share\interpreter\linkResolver.cpp, line 759]
Event: 1.381 Thread 0x000002109b2ba430 Exception <a 'java/lang/NoSuchMethodError'{0x000000008432a298}: 'int java.lang.invoke.DirectMethodHandle$Holder.invokeVirtual(java.lang.Object, java.lang.Object, java.lang.Object)'> (0x000000008432a298) 
thrown [s\open\src\hotspot\share\interpreter\linkResolver.cpp, line 759]
Event: 1.384 Thread 0x000002109b2ba430 Exception <a 'java/lang/NoSuchMethodError'{0x0000000084330c10}: 'void java.lang.invoke.DirectMethodHandle$Holder.invokeInterface(java.lang.Object, java.lang.Object, java.lang.Object)'> (0x0000000084330c10) 
thrown [s\open\src\hotspot\share\interpreter\linkResolver.cpp, line 759]
Event: 1.871 Thread 0x000002109b2ba430 Exception <a 'java/lang/NoSuchMethodError'{0x000000008454bfb0}: 'int java.lang.invoke.DirectMethodHandle$Holder.invokeStaticInit(java.lang.Object, java.lang.Object)'> (0x000000008454bfb0) 
thrown [s\open\src\hotspot\share\interpreter\linkResolver.cpp, line 759]
Event: 2.165 Thread 0x000002109b2ba430 Exception <a 'java/lang/NoSuchMethodError'{0x00000000845ed4c0}: 'int java.lang.invoke.DirectMethodHandle$Holder.invokeVirtual(java.lang.Object, java.lang.Object)'> (0x00000000845ed4c0) 
thrown [s\open\src\hotspot\share\interpreter\linkResolver.cpp, line 759]
Event: 2.191 Thread 0x000002109b2ba430 Exception <a 'java/lang/NoSuchMethodError'{0x0000000084515a60}: 'java.lang.Object java.lang.invoke.DirectMethodHandle$Holder.newInvokeSpecial(java.lang.Object, java.lang.Object, java.lang.Object, java.lang.Object, java.lang.Object)'> (0x0000000084515a60) 
thrown [s\open\src\hotspot\share\interpreter\linkResolver.cpp, line 759]
Event: 2.200 Thread 0x000002109b2ba430 Exception <a 'java/lang/NoSuchMethodError'{0x0000000084524658}: 'java.lang.Object java.lang.invoke.DirectMethodHandle$Holder.newInvokeSpecial(java.lang.Object, java.lang.Object, java.lang.Object, java.lang.Object, java.lang.Object, java.lang.Object)'> (0x0000000084524658) 
thrown [s\open\src\hotspot\share\interpreter\linkResolver.cpp, line 759]
Event: 2.266 Thread 0x000002109b2ba430 Exception <a 'java/lang/NoSuchMethodError'{0x000000008456e900}: 'java.lang.Object java.lang.invoke.DirectMethodHandle$Holder.invokeVirtual(java.lang.Object, java.lang.Object, java.lang.Object)'> (0x000000008456e900) 
thrown [s\open\src\hotspot\share\interpreter\linkResolver.cpp, line 759]
Event: 2.274 Thread 0x000002109b2ba430 Exception <a 'java/lang/NoSuchMethodError'{0x0000000084579a08}: 'int java.lang.invoke.DirectMethodHandle$Holder.invokeInterface(java.lang.Object, java.lang.Object)'> (0x0000000084579a08) 
thrown [s\open\src\hotspot\share\interpreter\linkResolver.cpp, line 759]
Event: 2.280 Thread 0x000002109b2ba430 Exception <a 'sun/nio/fs/WindowsException'{0x0000000084581c70}> (0x0000000084581c70) 
thrown [s\open\src\hotspot\share\prims\jni.cpp, line 516]
Event: 2.286 Thread 0x000002109b2ba430 Exception <a 'sun/nio/fs/WindowsException'{0x0000000084582008}> (0x0000000084582008) 
thrown [s\open\src\hotspot\share\prims\jni.cpp, line 516]
Event: 2.323 Thread 0x000002109b2ba430 Exception <a 'java/lang/NoSuchMethodError'{0x000000008459be08}: 'java.lang.Object java.lang.invoke.DirectMethodHandle$Holder.invokeStaticInit(java.lang.Object)'> (0x000000008459be08) 
thrown [s\open\src\hotspot\share\interpreter\linkResolver.cpp, line 759]
Event: 2.576 Thread 0x000002109b2ba430 Exception <a 'java/lang/NoSuchMethodError'{0x00000000845d64c0}: 'java.lang.Object java.lang.invoke.DirectMethodHandle$Holder.invokeVirtual(java.lang.Object, java.lang.Object, java.lang.Object, int, int)'> (0x00000000845d64c0) 
thrown [s\open\src\hotspot\share\interpreter\linkResolver.cpp, line 759]
Event: 2.578 Thread 0x000002109b2ba430 Exception <a 'java/lang/NoSuchMethodError'{0x00000000845dd348}: 'java.lang.Object java.lang.invoke.DirectMethodHandle$Holder.invokeVirtual(java.lang.Object, java.lang.Object, int)'> (0x00000000845dd348) 
thrown [s\open\src\hotspot\share\interpreter\linkResolver.cpp, line 759]
Event: 2.589 Thread 0x000002109b2ba430 Exception <a 'java/lang/NoSuchMethodError'{0x00000000845f7b60}: 'java.lang.Object java.lang.invoke.DirectMethodHandle$Holder.invokeSpecial(java.lang.Object, java.lang.Object, java.lang.Object, int, int)'> (0x00000000845f7b60) 
thrown [s\open\src\hotspot\share\interpreter\linkResolver.cpp, line 759]
Event: 2.654 Thread 0x000002109b2ba430 Exception <a 'java/lang/NoSuchMethodError'{0x0000000084520310}: 'void java.lang.invoke.DirectMethodHandle$Holder.invokeStatic(java.lang.Object, java.lang.Object)'> (0x0000000084520310) 
thrown [s\open\src\hotspot\share\interpreter\linkResolver.cpp, line 759]
Event: 2.657 Thread 0x000002109b2ba430 Exception <a 'sun/nio/fs/WindowsException'{0x000000008452a700}> (0x000000008452a700) 
thrown [s\open\src\hotspot\share\prims\jni.cpp, line 516]
Event: 2.657 Thread 0x000002109b2ba430 Exception <a 'sun/nio/fs/WindowsException'{0x000000008452aa28}> (0x000000008452aa28) 
thrown [s\open\src\hotspot\share\prims\jni.cpp, line 516]

VM Operations (20 events):
Event: 1.461 Executing VM operation: HandshakeAllThreads done
Event: 1.461 Executing VM operation: Cleanup
Event: 1.461 Executing VM operation: Cleanup done
Event: 1.623 Executing VM operation: G1CollectForAllocation
Event: 1.633 Executing VM operation: G1CollectForAllocation done
Event: 2.175 Executing VM operation: G1CollectForAllocation
Event: 2.180 Executing VM operation: G1CollectForAllocation done
Event: 2.296 Executing VM operation: HandshakeAllThreads
Event: 2.296 Executing VM operation: HandshakeAllThreads done
Event: 2.461 Executing VM operation: G1CollectForAllocation
Event: 2.465 Executing VM operation: G1CollectForAllocation done
Event: 2.489 Executing VM operation: HandshakeAllThreads
Event: 2.489 Executing VM operation: HandshakeAllThreads done
Event: 2.591 Executing VM operation: G1CollectForAllocation
Event: 2.595 Executing VM operation: G1CollectForAllocation done
Event: 2.642 Executing VM operation: G1CollectForAllocation
Event: 2.647 Executing VM operation: G1CollectForAllocation done
Event: 2.701 Executing VM operation: G1CollectForAllocation
Event: 2.705 Executing VM operation: G1CollectForAllocation done
Event: 2.721 Executing VM operation: G1CollectForAllocation

Events (20 events):
Event: 2.687 loading class java/util/stream/Nodes$EmptyNode done
Event: 2.687 loading class java/util/stream/Nodes$EmptyNode$OfRef done
Event: 2.687 loading class java/util/stream/Nodes$EmptyNode$OfInt
Event: 2.687 loading class java/util/stream/Node$OfInt
Event: 2.687 loading class java/util/stream/Node$OfPrimitive
Event: 2.687 loading class java/util/stream/Node$OfPrimitive done
Event: 2.688 loading class java/util/stream/Node$OfInt done
Event: 2.688 loading class java/util/stream/Nodes$EmptyNode$OfInt done
Event: 2.688 loading class java/util/stream/Nodes$EmptyNode$OfLong
Event: 2.689 loading class java/util/stream/Node$OfLong
Event: 2.689 loading class java/util/stream/Node$OfLong done
Event: 2.689 loading class java/util/stream/Nodes$EmptyNode$OfLong done
Event: 2.689 loading class java/util/stream/Nodes$EmptyNode$OfDouble
Event: 2.689 loading class java/util/stream/Node$OfDouble
Event: 2.690 loading class java/util/stream/Node$OfDouble done
Event: 2.690 loading class java/util/stream/Nodes$EmptyNode$OfDouble done
Event: 2.690 loading class java/util/stream/Nodes$SpinedNodeBuilder
Event: 2.691 loading class java/util/stream/Node$Builder
Event: 2.691 loading class java/util/stream/Node$Builder done
Event: 2.691 loading class java/util/stream/Nodes$SpinedNodeBuilder done


Dynamic libraries:
0x00007ff69aba0000 - 0x00007ff69aba8000 	C:\Program Files\Java\jdk-17\bin\javac.exe
0x00007ffc12fb0000 - 0x00007ffc131c7000 	C:\WINDOWS\SYSTEM32\ntdll.dll
0x00007ffc11e80000 - 0x00007ffc11f44000 	C:\WINDOWS\System32\KERNEL32.DLL
0x00007ffc10800000 - 0x00007ffc10ba6000 	C:\WINDOWS\System32\KERNELBASE.dll
0x00007ffc102f0000 - 0x00007ffc10401000 	C:\WINDOWS\System32\ucrtbase.dll
0x00007ffbdb2c0000 - 0x00007ffbdb2d9000 	C:\Program Files\Java\jdk-17\bin\jli.dll
0x00007ffbdb250000 - 0x00007ffbdb26b000 	C:\Program Files\Java\jdk-17\bin\VCRUNTIME140.dll
0x00007ffc12db0000 - 0x00007ffc12e63000 	C:\WINDOWS\System32\ADVAPI32.dll
0x00007ffc12cf0000 - 0x00007ffc12d97000 	C:\WINDOWS\System32\msvcrt.dll
0x00007ffc11560000 - 0x00007ffc11608000 	C:\WINDOWS\System32\sechost.dll
0x00007ffc10bb0000 - 0x00007ffc10bd8000 	C:\WINDOWS\System32\bcrypt.dll
0x00007ffc11d60000 - 0x00007ffc11e77000 	C:\WINDOWS\System32\RPCRT4.dll
0x00007ffc12930000 - 0x00007ffc12ade000 	C:\WINDOWS\System32\USER32.dll
0x00007ffc10750000 - 0x00007ffc10776000 	C:\WINDOWS\System32\win32u.dll
0x00007ffc11180000 - 0x00007ffc111a9000 	C:\WINDOWS\System32\GDI32.dll
0x00007ffc10be0000 - 0x00007ffc10cf8000 	C:\WINDOWS\System32\gdi32full.dll
0x00007ffbf8d40000 - 0x00007ffbf8fd3000 	C:\WINDOWS\WinSxS\amd64_microsoft.windows.common-controls_6595b64144ccf1df_6.0.22621.2506_none_270c5ae97388e100\COMCTL32.dll
0x00007ffc10410000 - 0x00007ffc104aa000 	C:\WINDOWS\System32\msvcp_win.dll
0x00007ffbfd610000 - 0x00007ffbfd61a000 	C:\WINDOWS\SYSTEM32\VERSION.dll
0x00007ffbf1b20000 - 0x00007ffbf1b2c000 	C:\Program Files\Java\jdk-17\bin\vcruntime140_1.dll
0x00007ffbdb1a0000 - 0x00007ffbdb22e000 	C:\Program Files\Java\jdk-17\bin\msvcp140.dll
0x00007ffbda5c0000 - 0x00007ffbdb19e000 	C:\Program Files\Java\jdk-17\bin\server\jvm.dll
0x00007ffc11b10000 - 0x00007ffc11b18000 	C:\WINDOWS\System32\PSAPI.DLL
0x00007ffc0a6d0000 - 0x00007ffc0a704000 	C:\WINDOWS\SYSTEM32\WINMM.dll
0x00007ffbe0e70000 - 0x00007ffbe0e79000 	C:\WINDOWS\SYSTEM32\WSOCK32.dll
0x00007ffc11650000 - 0x00007ffc116c1000 	C:\WINDOWS\System32\WS2_32.dll
0x00007ffc0f320000 - 0x00007ffc0f338000 	C:\WINDOWS\SYSTEM32\kernel.appcore.dll
0x00007ffbd9aa0000 - 0x00007ffbd9aaa000 	C:\Program Files\Java\jdk-17\bin\jimage.dll
0x00007ffc0abb0000 - 0x00007ffc0ade3000 	C:\WINDOWS\SYSTEM32\DBGHELP.DLL
0x00007ffc111d0000 - 0x00007ffc11559000 	C:\WINDOWS\System32\combase.dll
0x00007ffc11a10000 - 0x00007ffc11ae7000 	C:\WINDOWS\System32\OLEAUT32.dll
0x00007ffbeaec0000 - 0x00007ffbeaef2000 	C:\WINDOWS\SYSTEM32\dbgcore.DLL
0x00007ffc10780000 - 0x00007ffc107fa000 	C:\WINDOWS\System32\bcryptPrimitives.dll
0x00007ffbd9a70000 - 0x00007ffbd9a95000 	C:\Program Files\Java\jdk-17\bin\java.dll
0x00007ffbd7e30000 - 0x00007ffbd7f07000 	C:\Program Files\Java\jdk-17\bin\jsvml.dll
0x00007ffc11fd0000 - 0x00007ffc1282a000 	C:\WINDOWS\System32\SHELL32.dll
0x00007ffc0e240000 - 0x00007ffc0eb36000 	C:\WINDOWS\SYSTEM32\windows.storage.dll
0x00007ffc0e100000 - 0x00007ffc0e23e000 	C:\WINDOWS\SYSTEM32\wintypes.dll
0x00007ffc12e70000 - 0x00007ffc12f63000 	C:\WINDOWS\System32\SHCORE.dll
0x00007ffc119b0000 - 0x00007ffc11a0e000 	C:\WINDOWS\System32\shlwapi.dll
0x00007ffc10220000 - 0x00007ffc10246000 	C:\WINDOWS\SYSTEM32\profapi.dll
0x00007ffbd4930000 - 0x00007ffbd4949000 	C:\Program Files\Java\jdk-17\bin\net.dll
0x00007ffc0a2b0000 - 0x00007ffc0a3e7000 	C:\WINDOWS\SYSTEM32\WINHTTP.dll
0x00007ffc0f7a0000 - 0x00007ffc0f809000 	C:\WINDOWS\system32\mswsock.dll
0x00007ffbd4910000 - 0x00007ffbd4926000 	C:\Program Files\Java\jdk-17\bin\nio.dll

dbghelp: loaded successfully - version: 4.0.5 - missing functions: none
symbol engine: initialized successfully - sym options: 0x614 - pdb path: .;C:\Program Files\Java\jdk-17\bin;C:\WINDOWS\SYSTEM32;C:\WINDOWS\WinSxS\amd64_microsoft.windows.common-controls_6595b64144ccf1df_6.0.22621.2506_none_270c5ae97388e100;C:\Program Files\Java\jdk-17\bin\server

VM Arguments:
jvm_args: -Dapplication.home=C:\Program Files\Java\jdk-17 --add-modules=ALL-DEFAULT -Xms8m -Djdk.module.main=jdk.compiler 
java_command: jdk.compiler/com.sun.tools.javac.Main IFBLOCKS1.java
java_class_path (initial): <not set>
Launcher Type: SUN_STANDARD

[Global flags]
     intx CICompilerCount                          = 4                                         {product} {ergonomic}
     uint ConcGCThreads                            = 2                                         {product} {ergonomic}
     uint G1ConcRefinementThreads                  = 8                                         {product} {ergonomic}
   size_t G1HeapRegionSize                         = 1048576                                   {product} {ergonomic}
    uintx GCDrainStackTargetSize                   = 64                                        {product} {ergonomic}
   size_t InitialHeapSize                          = 8388608                                   {product} {command line}
   size_t MarkStackSize                            = 4194304                                   {product} {ergonomic}
   size_t MaxHeapSize                              = 2082471936                                {product} {ergonomic}
   size_t MaxNewSize                               = 1248854016                                {product} {ergonomic}
   size_t MinHeapDeltaBytes                        = 1048576                                   {product} {ergonomic}
   size_t MinHeapSize                              = 8388608                                   {product} {command line}
    uintx NonNMethodCodeHeapSize                   = 5839372                                {pd product} {ergonomic}
    uintx NonProfiledCodeHeapSize                  = 122909434                              {pd product} {ergonomic}
    uintx ProfiledCodeHeapSize                     = 122909434                              {pd product} {ergonomic}
    uintx ReservedCodeCacheSize                    = 251658240                              {pd product} {ergonomic}
     bool SegmentedCodeCache                       = true                                      {product} {ergonomic}
   size_t SoftMaxHeapSize                          = 2082471936                             {manageable} {ergonomic}
     bool UseCompressedClassPointers               = true                           {product lp64_product} {ergonomic}
     bool UseCompressedOops                        = true                           {product lp64_product} {ergonomic}
     bool UseG1GC                                  = true                                      {product} {ergonomic}
     bool UseLargePagesIndividualAllocation        = false                                  {pd product} {ergonomic}

Logging:
Log output configuration:
 #0: stdout all=warning uptime,level,tags
 #1: stderr all=off uptime,level,tags

Environment Variables:
PATH=C:\Program Files\Common Files\Oracle\Java\javapath;;C:\WINDOWS\system32;C:\WINDOWS;C:\WINDOWS\System32\Wbem;C:\WINDOWS\System32\WindowsPowerShell\v1.0\;C:\WINDOWS\System32\OpenSSH\;C:\Program Files (x86)\Microsoft SQL Server\110\Tools\Binn\;C:\Program Files\Microsoft SQL Server\110\Tools\Binn\;C:\Program Files\Microsoft SQL Server\110\DTS\Binn\;C:\Program Files\dotnet\;C:\Program Files\Microsoft SQL Server\Client SDK\ODBC\130\Tools\Binn\;C:\Program Files (x86)\Microsoft SQL Server\140\Tools\Binn\;C:\Program Files\Microsoft SQL Server\140\Tools\Binn\;C:\Program Files\Microsoft SQL Server\140\DTS\Binn\;C:\Program Files (x86)\Microsoft SQL Server\160\DTS\Binn\;C:\Program Files\Azure Data Studio\bin;C:\Program Files\Git\cmd;%COSMOSM%;C:\WINDOWS\system32\config\systemprofile\AppData\Local\Microsoft\WindowsApps
USERNAME=DESKTOP-EI4D21P$
OS=Windows_NT
PROCESSOR_IDENTIFIER=Intel64 Family 6 Model 142 Stepping 12, GenuineIntel



---------------  S Y S T E M  ---------------

OS:
 Windows 11 , 64 bit Build 22621 (10.0.22621.2506)
OS uptime: 19 days 20:44 hours

CPU: total 8 (initial active 8) (4 cores per cpu, 2 threads per core) family 6 model 142 stepping 12 microcode 0xde, cx8, cmov, fxsr, ht, mmx, 3dnowpref, sse, sse2, sse3, ssse3, sse4.1, sse4.2, popcnt, lzcnt, tsc, tscinvbit, avx, avx2, aes, erms, clmul, bmi1, bmi2, adx, fma, vzeroupper, clflush, clflushopt

Memory: 4k page, system-wide physical 7942M (66M free)
TotalPageFile size 32518M (AvailPageFile size 13M)
current process WorkingSet (physical memory assigned to process): 61M, peak: 61M
current process commit charge ("private bytes"): 98M, peak: 103M

vm_info: Java HotSpot(TM) 64-Bit Server VM (17.0.8+9-LTS-211) for windows-amd64 JRE (17.0.8+9-LTS-211), built on Jun 14 2023 10:34:31 by "mach5one" with MS VC++ 17.1 (VS2022)

END.
